<?xml version="1.0" encoding="UTF-8"?>
<!-- Generated by org.testng.reporters.JUnitReportReporter -->
<testsuite hostname="LT209953" failures="0" tests="2" name="PracticeWebAutomation.EventHub.Eventtest" time="7.582" errors="0" timestamp="2026-03-17T17:46:38 IST" skipped="0">
  <testcase classname="PracticeWebAutomation.EventHub.Eventtest" name="bookEvents" time="0.731"/>
  <testcase classname="PracticeWebAutomation.EventHub.Eventtest" name="selectEvent" time="6.851"/>
</testsuite> <!-- PracticeWebAutomation.EventHub.Eventtest -->
